2022-07-11 14:33:41+0100: GTP Engine starting...
2022-07-11 14:33:41+0100: KataGo v1.11.0
2022-07-11 14:33:41+0100: Using TrompTaylor rules initially, unless GTP/GUI overrides this
2022-07-11 14:33:41+0100: Using 6 CPU thread(s) for search
2022-07-11 14:33:41+0100: nnRandSeed0 = 3005563532459412693
2022-07-11 14:33:41+0100: After dedups: nnModelFile0 = E:\Coding\Repos\GoTrainer-HumanAI\server\humanai\katago/default_model.bin.gz useFP16 auto useNHWC auto
2022-07-11 14:33:41+0100: Initializing neural net buffer to be size 19 * 19 exactly
2022-07-11 14:33:42+0100: Found OpenCL Platform 0: NVIDIA CUDA (NVIDIA Corporation) (OpenCL 3.0 CUDA 11.6.110)
2022-07-11 14:33:42+0100: Found 1 device(s) on platform 0 with type CPU or GPU or Accelerator
2022-07-11 14:33:42+0100: Found OpenCL Device 0: NVIDIA GeForce GTX 1070 (NVIDIA Corporation) (score 11000300)
2022-07-11 14:33:42+0100: Creating context for OpenCL Platform: NVIDIA CUDA (NVIDIA Corporation) (OpenCL 3.0 CUDA 11.6.110)
2022-07-11 14:33:42+0100: Using OpenCL Device 0: NVIDIA GeForce GTX 1070 (NVIDIA Corporation) OpenCL 3.0 CUDA (Extensions: cl_khr_global_int32_base_atomics cl_khr_global_int32_extended_atomics cl_khr_local_int32_base_atomics cl_khr_local_int32_extended_atomics cl_khr_fp64 cl_khr_3d_image_writes cl_khr_byte_addressable_store cl_khr_icd cl_khr_gl_sharing cl_nv_compiler_options cl_nv_device_attribute_query cl_nv_pragma_unroll cl_nv_d3d10_sharing cl_khr_d3d10_sharing cl_nv_d3d11_sharing cl_nv_copy_opts cl_nv_create_buffer cl_khr_int64_base_atomics cl_khr_int64_extended_atomics cl_khr_device_uuid cl_khr_pci_bus_info cl_khr_external_semaphore cl_khr_external_memory cl_khr_external_semaphore_win32 cl_khr_external_memory_win32)
2022-07-11 14:33:42+0100: Loaded tuning parameters from: E:\Coding\Repos\GoTrainer-HumanAI\server\humanai\katago/KataGoData/opencltuning/tune8_gpuNVIDIAGeForceGTX1070_x29_y29_c256_mv10.txt
2022-07-11 14:33:43+0100: OpenCL backend thread 0: Model version 10
2022-07-11 14:33:43+0100: OpenCL backend thread 0: Model name: kata1-b40c256-s11840935168-d2898845681
2022-07-11 14:33:43+0100: OpenCL backend thread 0: FP16Storage false FP16Compute false FP16TensorCores false
2022-07-11 14:33:43+0100: Loaded neural net with nnXLen 19 nnYLen 19
2022-07-11 14:33:43+0100: Initializing board with boardXSize 19 boardYSize 19
2022-07-11 14:33:43+0100: Loaded config E:\Coding\Repos\GoTrainer-HumanAI\server\humanai\katago/default_gtp.cfg
2022-07-11 14:33:43+0100: Loaded model E:\Coding\Repos\GoTrainer-HumanAI\server\humanai\katago/default_model.bin.gz
2022-07-11 14:33:43+0100: Model name: kata1-b40c256-s11840935168-d2898845681
2022-07-11 14:33:43+0100: GTP ready, beginning main protocol loop
2022-07-11 14:33:43+0100: Controller: name
2022-07-11 14:33:43+0100: = KataGo
2022-07-11 14:33:43+0100: Controller: version
2022-07-11 14:33:43+0100: = 1.11.0
2022-07-11 14:33:43+0100: Controller: protocol_version
2022-07-11 14:33:43+0100: = 2
2022-07-11 14:33:43+0100: Controller: list_commands
2022-07-11 14:33:43+0100: = protocol_version
name
version
known_command
list_commands
quit
boardsize
rectangular_boardsize
clear_board
set_position
komi
get_komi
play
undo
kata-get-rules
kata-set-rule
kata-set-rules
kata-get-param
kata-set-param
kata-list-params
kgs-rules
genmove
genmove_debug
search_debug
clear_cache
showboard
fixed_handicap
place_free_handicap
set_free_handicap
time_settings
kgs-time_settings
time_left
kata-list_time_settings
kata-time_settings
final_score
final_status_list
loadsgf
printsgf
lz-genmove_analyze
kata-genmove_analyze
lz-analyze
kata-analyze
kata-raw-nn
cputime
gomill-cpu_time
kata-benchmark
kata-debug-print-tc
stop
2022-07-11 14:34:04+0100: Controller: komi 6.5
2022-07-11 14:34:04+0100: = 
2022-07-11 14:34:04+0100: Controller: boardsize 19
2022-07-11 14:34:04+0100: = 
2022-07-11 14:34:04+0100: Controller: clear_board
2022-07-11 14:34:04+0100: = 
2022-07-11 14:34:04+0100: Controller: play B Q4
2022-07-11 14:34:04+0100: = 
2022-07-11 14:34:04+0100: Controller: kata-genmove_analyze W 50
2022-07-11 14:34:06+0100: MoveNum: 1 HASH: 8D78416770C53ECA02DAD0032326F0AB
   A B C D E F G H J K L M N O P Q R S T
19 . . . . . . . . . . . . . . . . . . .
18 . . . . . . . . . . . . . . . . . . .
17 . . . . . . . . . . . . . . . . . . .
16 . . . @ . . . . . . . . . . . . . . .
15 . . . . . . . . . . . . . . . . . . .
14 . . . . . . . . . . . . . . . . . . .
13 . . . . . . . . . . . . . . . . . . .
12 . . . . . . . . . . . . . . . . . . .
11 . . . . . . . . . . . . . . . . . . .
10 . . . . . . . . . . . . . . . . . . .
 9 . . . . . . . . . . . . . . . . . . .
 8 . . . . . . . . . . . . . . . . . . .
 7 . . . . . . . . . . . . . . . . . . .
 6 . . . . . . . . . . . . . . . . . . .
 5 . . . . . . . . . . . . . . . . . . .
 4 . . . . . . . . . . . . . . . X1. . .
 3 . . . . . . . . . . . . . . . . . . .
 2 . . . . . . . . . . . . . . . . . . .
 1 . . . . . . . . . . . . . . . . . . .

koPOSITIONALscoreAREAtaxNONEsui1komi6.5
Time taken: 2.64
Root visits: 505
New playouts: 505
NN rows: 422
NN batches: 142
NN avg batch size: 2.97183
PV: D16 C17 C16 D17 E16 F18 Q16 D4 R3 Q3 R4 R6 S6 S7
Tree:
: T -14.36c W -14.14c S  -0.20c ( -0.6 L  -0.3) N     505  --  D16 C17 C16 D17 E16 F18 Q16
---White(^)---
D16 : T -14.14c W -13.93c S  -0.18c ( -0.6 L  -0.3) LCB  -14.69c P 47.26% WF 780.5 PSV     779 N     349  --  D16 C17 C16 D17 E16 F18 Q16 D4
D4  : T -14.44c W -14.26c S  -0.22c ( -0.6 L  -0.3) LCB  -15.35c P 16.54% WF 263.4 PSV     186 N     118  --  D4 D16 Q16 C3 C4 D3 F3 E3
C16 : T -16.35c W -15.84c S  -0.38c ( -0.8 L  -0.4) LCB  -21.81c P  2.55% WF  20.2 PSV       9 N       9  --  C16 Q16 D4 C3
D3  : T -15.58c W -15.37c S  -0.30c ( -0.7 L  -0.4) LCB  -18.28c P  1.65% WF  40.0 PSV       8 N      18  --  D3 D16 Q16 C5 E4
C4  : T -16.37c W -15.89c S  -0.35c ( -0.8 L  -0.4) LCB  -22.49c P  1.89% WF  18.0 PSV       7 N       8  --  C4 Q16 D16 C17
C17 : T -18.65c W -16.77c S  -0.44c ( -0.9 L  -0.5) LCB -280.00c P  0.97% WF   4.3 PSV       1 N       2  --  C17 Q16

2022-07-11 14:34:06+0100: = play D16
2022-07-11 14:34:09+0100: Controller: play B Q16
2022-07-11 14:34:09+0100: = 
2022-07-11 14:34:09+0100: Controller: kata-genmove_analyze W 50
2022-07-11 14:34:11+0100: MoveNum: 3 HASH: 2B0ED18FD324E19076B676A4F6539D02
   A B C D E F G H J K L M N O P Q R S T
19 . . . . . . . . . . . . . . . . . . .
18 . . . . . . . . . . . . . . . . . . .
17 . . . . . . . . . . . . . . . . . . .
16 . . . O2. . . . . . . . . . . X3. . .
15 . . . . . . . . . . . . . . . . . . .
14 . . . . . . . . . . . . . . . . . . .
13 . . . . . . . . . . . . . . . . . . .
12 . . . . . . . . . . . . . . . . . . .
11 . . . . . . . . . . . . . . . . . . .
10 . . . . . . . . . . . . . . . . . . .
 9 . . . . . . . . . . . . . . . . . . .
 8 . . . . . . . . . . . . . . . . . . .
 7 . . . . . . . . . . . . . . . . . . .
 6 . . . . . . . . . . . . . . . . . . .
 5 . . . . . . . . . . . . . . . . . . .
 4 . . . @ . . . . . . . . . . . X1. . .
 3 . . . . . . . . . . . . . . . . . . .
 2 . . . . . . . . . . . . . . . . . . .
 1 . . . . . . . . . . . . . . . . . . .

koPOSITIONALscoreAREAtaxNONEsui1komi6.5
Time taken: 2.234
Root visits: 505
New playouts: 418
NN rows: 404
NN batches: 136
NN avg batch size: 2.97059
PV: D4 C17 D17 C16 D15 B14 R3 Q3 R4 Q5 S6 F3 H3 K3 O17 F5 D7
Tree:
: T -14.84c W -14.51c S  -0.23c ( -0.6 L  -0.3) N     505  --  D4 C17 D17 C16 D15 B14 R3
---White(^)---
D4  : T -14.69c W -14.40c S  -0.22c ( -0.6 L  -0.3) LCB  -15.23c P 80.60% WF 1035.1 PSV    1034 N     474  --  D4 C17 D17 C16 D15 B14 R3 Q3
D3  : T -16.76c W -15.94c S  -0.37c ( -0.8 L  -0.4) LCB  -21.44c P  9.73% WF  46.2 PSV      36 N      21  --  D3 C17 C16 D17 E16 F17 F16 G17
C4  : T -17.49c W -16.63c S  -0.47c ( -0.9 L  -0.5) LCB  -24.02c P  3.53% WF  15.7 PSV      10 N       7  --  C4 E3 D5 C17
C3  : T -20.47c W -18.89c S  -0.64c ( -1.1 L  -0.6) LCB -280.00c P  1.29% WF   4.4 PSV       2 N       2  --  C3 C17

2022-07-11 14:34:11+0100: = play D4
2022-07-11 14:34:13+0100: Controller: play B F3
2022-07-11 14:34:13+0100: = 
2022-07-11 14:34:13+0100: Controller: kata-genmove_analyze W 50
2022-07-11 14:34:15+0100: MoveNum: 5 HASH: 4124EF3D1C95D4E772719AD617E277B2
   A B C D E F G H J K L M N O P Q R S T
19 . . . . . . . . . . . . . . . . . . .
18 . . . . . . . . . . . . . . . . . . .
17 . . . . . . . . . . . . . . . . . . .
16 . . . O . . . . . . . . . . . X1. . .
15 . . . . . . . . . . . . . . . . . . .
14 . . . . . . . . . . . . . . . . . . .
13 . . . . . . . . . . . . . . . . . . .
12 . . . . . . . . . . . . . . . . . . .
11 . . . . . . . . . . . . . . . . . . .
10 . . . . . . . . . . . . . . . . . . .
 9 . . . . . . . . . . . . . . . . . . .
 8 . . . . . . . . . . . . . . . . . . .
 7 . . . . . . . . . . . . . . . . . . .
 6 . . . . . . . . . . . . . . . . . . .
 5 . . . . . . . . . . . . . . . . . . .
 4 . . . O2. . . . . . . . . . . X . . .
 3 . . . . @ X3. . . . . . . . . . . . .
 2 . . . . . . . . . . . . . . . . . . .
 1 . . . . . . . . . . . . . . . . . . .

koPOSITIONALscoreAREAtaxNONEsui1komi6.5
Time taken: 2.25
Root visits: 504
New playouts: 410
NN rows: 406
NN batches: 136
NN avg batch size: 2.98529
PV: R17 Q17 R16 Q15 S14 C6 D6 D7 E6 C4 C3 C5 D3 H3 Q3 R3 P3 R4 L3 G6 G7 H7
Tree:
: T -15.27c W -14.72c S  -0.24c ( -0.7 L  -0.4) N     504  --  R17 Q17 R16 Q15 S14 C6 D6
---White(^)---
R17 : T -14.73c W -14.28c S  -0.22c ( -0.7 L  -0.3) LCB  -15.88c P 24.93% WF 394.9 PSV     393 N     185  --  R17 Q17 R16 Q15 S14 C6 D6 D7
E3  : T -15.40c W -14.88c S  -0.27c ( -0.7 L  -0.4) LCB  -16.71c P 23.09% WF 229.4 PSV     186 N     108  --  E3 F4 D6 C17 C16 D17 E16 F17
O17 : T -15.34c W -14.87c S  -0.24c ( -0.7 L  -0.4) LCB  -17.31c P 10.47% WF 150.4 PSV      88 N      69  --  O17 C14 E3 F4 D6 F17 F16 G16
R3  : T -15.45c W -14.74c S  -0.26c ( -0.7 L  -0.4) LCB  -17.36c P  7.87% WF 107.3 PSV      61 N      50  --  R3 Q3 R4 Q5 R5 R6 S6 C6
C6  : T -15.09c W -14.64c S  -0.18c ( -0.6 L  -0.3) LCB  -17.20c P  4.06% WF  77.5 PSV      42 N      37  --  C6 C17 C16 D17 F17 E17 E16 F18
O3  : T -16.70c W -15.96c S  -0.34c ( -0.8 L  -0.4) LCB  -20.94c P  7.03% WF  39.6 PSV      28 N      18  --  O3 C17 D17 C16 D15 B14
R14 : T -16.03c W -15.14c S  -0.26c ( -0.7 L  -0.3) LCB  -20.13c P  3.17% WF  30.7 PSV      17 N      14  --  R14 R15 Q14 O16 Q10 C6 F4
D6  : T -16.86c W -16.07c S  -0.34c ( -0.8 L  -0.5) LCB  -27.25c P  2.73% WF  13.3 PSV      10 N       6  --  D6 C17 C16 D17
R6  : T -17.31c W -15.81c S  -0.30c ( -0.7 L  -0.4) LCB  -31.01c P  2.73% WF  13.3 PSV       9 N       6  --  R6 R5 Q6 O4
H3  : T -17.33c W -16.27c S  -0.42c ( -0.9 L  -0.5) LCB  -32.58c P  2.49% WF  11.1 PSV       8 N       5  --  H3 C17 D17 C16

2022-07-11 14:34:15+0100: = play E3
2022-07-11 14:34:16+0100: Controller: play B F4
2022-07-11 14:34:16+0100: = 
2022-07-11 14:34:16+0100: Controller: kata-genmove_analyze W 50
2022-07-11 14:34:19+0100: MoveNum: 7 HASH: FEF9466ABC24792B59675810AB94F1D9
   A B C D E F G H J K L M N O P Q R S T
19 . . . . . . . . . . . . . . . . . . .
18 . . . . . . . . . . . . . . . . . . .
17 . . . . . . . . . . . . . . . . . . .
16 . . . O . . . . . . . . . . . X . . .
15 . . . . . . . . . . . . . . . . . . .
14 . . . . . . . . . . . . . . . . . . .
13 . . . . . . . . . . . . . . . . . . .
12 . . . . . . . . . . . . . . . . . . .
11 . . . . . . . . . . . . . . . . . . .
10 . . . . . . . . . . . . . . . . . . .
 9 . . . . . . . . . . . . . . . . . . .
 8 . . . . . . . . . . . . . . . . . . .
 7 . . . . . . . . . . . . . . . . . . .
 6 . . . @ . . . . . . . . . . . . . . .
 5 . . . . . . . . . . . . . . . . . . .
 4 . . . O . X3. . . . . . . . . X . . .
 3 . . . . O2X1. . . . . . . . . . . . .
 2 . . . . . . . . . . . . . . . . . . .
 1 . . . . . . . . . . . . . . . . . . .

koPOSITIONALscoreAREAtaxNONEsui1komi6.5
Time taken: 2.078
Root visits: 503
New playouts: 396
NN rows: 374
NN batches: 126
NN avg batch size: 2.96825
PV: D6 C17 C16 D17 E16 F17 K3 O3 J5 G18 D9
Tree:
: T -15.13c W -14.77c S  -0.22c ( -0.7 L  -0.4) N     503  --  D6 C17 C16 D17 E16 F17 K3
---White(^)---
D6  : T -15.07c W -14.71c S  -0.21c ( -0.7 L  -0.4) LCB  -15.72c P 90.70% WF 1024.8 PSV    1025 N     494  --  D6 C17 C16 D17 E16 F17 K3 O3
C6  : T -18.45c W -18.17c S  -0.53c ( -1.0 L  -0.5) LCB  -29.16c P  5.37% WF  17.0 PSV      13 N       8  --  C6 C17 C16 D17 E16 F17

2022-07-11 14:34:19+0100: = play D6
2022-07-11 14:34:19+0100: Controller: play B K4
2022-07-11 14:34:19+0100: = 
2022-07-11 14:34:19+0100: Controller: kata-genmove_analyze W 50
2022-07-11 14:34:22+0100: MoveNum: 9 HASH: 8F20DFD7473B8D258F4559E380F305B7
   A B C D E F G H J K L M N O P Q R S T
19 . . . . . . . . . . . . . . . . . . .
18 . . . . . . . . . . . . . . . . . . .
17 . . . . . . . . . . . . . . . . @ . .
16 . . . O . . . . . . . . . . . X . . .
15 . . . . . . . . . . . . . . . . . . .
14 . . . . . . . . . . . . . . . . . . .
13 . . . . . . . . . . . . . . . . . . .
12 . . . . . . . . . . . . . . . . . . .
11 . . . . . . . . . . . . . . . . . . .
10 . . . . . . . . . . . . . . . . . . .
 9 . . . . . . . . . . . . . . . . . . .
 8 . . . . . . . . . . . . . . . . . . .
 7 . . . . . . . . . . . . . . . . . . .
 6 . . . O2. . . . . . . . . . . . . . .
 5 . . . . . . . . . . . . . . . . . . .
 4 . . . O . X1. . . X3. . . . . X . . .
 3 . . . . O X . . . . . . . . . . . . .
 2 . . . . . . . . . . . . . . . . . . .
 1 . . . . . . . . . . . . . . . . . . .

koPOSITIONALscoreAREAtaxNONEsui1komi6.5
Time taken: 2.485
Root visits: 504
New playouts: 464
NN rows: 452
NN batches: 151
NN avg batch size: 2.99338
PV: R17 R16 Q17 O17 P17 P16 O18 C17 D17 C16 D15 C15 C14 B14 N17 O16
Tree:
: T -13.01c W -12.83c S  -0.17c ( -0.6 L  -0.3) N     504  --  R17 R16 Q17 O17 P17 P16 O18
---White(^)---
R17 : T -12.56c W -12.46c S  -0.15c ( -0.5 L  -0.2) LCB  -13.57c P 56.08% WF 879.1 PSV     877 N     438  --  R17 R16 Q17 O17 P17 P16 O18 C17
O17 : T -15.36c W -14.75c S  -0.31c ( -0.7 L  -0.3) LCB  -18.47c P 19.45% WF  87.0 PSV      64 N      42  --  O17 Q14 R3 Q3 R4 R6
R3  : T -15.95c W -15.24c S  -0.36c ( -0.7 L  -0.4) LCB  -26.30c P  3.93% WF  14.8 PSV      11 N       7  --  R3 Q3 R4 R6 R5
H2  : T -17.54c W -16.66c S  -0.48c ( -0.9 L  -0.4) LCB  -27.40c P  4.00% WF  10.2 PSV       8 N       5  --  H2 C17 D17 C16
R14 : T -15.96c W -15.48c S  -0.32c ( -0.7 L  -0.3) LCB  -41.59c P  3.04% WF  10.8 PSV       8 N       5  --  R14 R15 Q14
F17 : T -16.58c W -16.16c S  -0.43c ( -0.8 L  -0.4) LCB  -37.42c P  2.96% WF   8.6 PSV       7 N       4  --  F17 C8 R17
R6  : T -18.93c W -18.23c S  -0.70c ( -1.1 L  -0.5) LCB -280.00c P  1.48% WF   2.2 PSV       2 N       1  --  R6
C14 : T -18.85c W -18.27c S  -0.58c ( -1.0 L  -0.4) LCB -280.00c P  1.07% WF   2.1 PSV       1 N       1  --  C14

2022-07-11 14:34:22+0100: = play R17
2022-07-11 14:34:23+0100: Controller: play B R16
2022-07-11 14:34:23+0100: = 
2022-07-11 14:34:23+0100: Controller: kata-genmove_analyze W 50
2022-07-11 14:34:24+0100: MoveNum: 11 HASH: 910E909EA1011BE44BCD8F81A0A35355
   A B C D E F G H J K L M N O P Q R S T
19 . . . . . . . . . . . . . . . . . . .
18 . . . . . . . . . . . . . . . . . . .
17 . . . . . . . . . . . . . . . @ O2. .
16 . . . O . . . . . . . . . . . X X3. .
15 . . . . . . . . . . . . . . . . . . .
14 . . . . . . . . . . . . . . . . . . .
13 . . . . . . . . . . . . . . . . . . .
12 . . . . . . . . . . . . . . . . . . .
11 . . . . . . . . . . . . . . . . . . .
10 . . . . . . . . . . . . . . . . . . .
 9 . . . . . . . . . . . . . . . . . . .
 8 . . . . . . . . . . . . . . . . . . .
 7 . . . . . . . . . . . . . . . . . . .
 6 . . . O . . . . . . . . . . . . . . .
 5 . . . . . . . . . . . . . . . . . . .
 4 . . . O . X . . . X1. . . . . X . . .
 3 . . . . O X . . . . . . . . . . . . .
 2 . . . . . . . . . . . . . . . . . . .
 1 . . . . . . . . . . . . . . . . . . .

koPOSITIONALscoreAREAtaxNONEsui1komi6.5
Time taken: 1.219
Root visits: 505
New playouts: 227
NN rows: 212
NN batches: 72
NN avg batch size: 2.94444
PV: Q17 O17 P17 P16 O18 C8 R3 Q3 R4 R6 R5 Q5 S6 R7 S7 R8 D8
Tree:
: T -12.41c W -12.40c S  -0.14c ( -0.5 L  -0.2) N     505  --  Q17 O17 P17 P16 O18 C8 R3
---White(^)---
Q17 : T -12.40c W -12.39c S  -0.14c ( -0.5 L  -0.2) LCB  -13.21c P 98.96% WF 992.0 PSV     992 N     504  --  Q17 O17 P17 P16 O18 C8 R3 Q3

2022-07-11 14:34:24+0100: = play Q17
2022-07-11 14:34:25+0100: Controller: play B P17
2022-07-11 14:34:25+0100: = 
2022-07-11 14:34:25+0100: Controller: kata-genmove_analyze W 50
2022-07-11 14:34:28+0100: MoveNum: 13 HASH: 293265BF86F3D22F733CC74738C6390E
   A B C D E F G H J K L M N O P Q R S T
19 . . . . . . . . . . . . . . . . . . .
18 . . . . . . . . . . . . . . @ . . . .
17 . . . . . . . . . . . . . . X3O2O . .
16 . . . O . . . . . . . . . . . X X1. .
15 . . . . . . . . . . . . . . . . . . .
14 . . . . . . . . . . . . . . . . . . .
13 . . . . . . . . . . . . . . . . . . .
12 . . . . . . . . . . . . . . . . . . .
11 . . . . . . . . . . . . . . . . . . .
10 . . . . . . . . . . . . . . . . . . .
 9 . . . . . . . . . . . . . . . . . . .
 8 . . . . . . . . . . . . . . . . . . .
 7 . . . . . . . . . . . . . . . . . . .
 6 . . . O . . . . . . . . . . . . . . .
 5 . . . . . . . . . . . . . . . . . . .
 4 . . . O . X . . . X . . . . . X . . .
 3 . . . . O X . . . . . . . . . . . . .
 2 . . . . . . . . . . . . . . . . . . .
 1 . . . . . . . . . . . . . . . . . . .

koPOSITIONALscoreAREAtaxNONEsui1komi6.5
Time taken: 2.484
Root visits: 505
New playouts: 505
NN rows: 448
NN batches: 151
NN avg batch size: 2.96689
PV: P18 O18 O17 P16 N18 Q18 O19 R18 R6 C8 O3 Q6 S17 S18 Q7
Tree:
: T  -3.98c W  -4.39c S   0.32c ( +0.1 L  +0.1) N     505  --  P18 O18 O17 P16 N18 Q18 O19
---White(^)---
P18 : T  -3.75c W  -4.18c S   0.34c ( +0.2 L  +0.2) LCB   -4.84c P 99.36% WF 962.6 PSV     962 N     490  --  P18 O18 O17 P16 N18 Q18 O19 R18
S16 : T -32.11c W -30.06c S  -2.05c ( -2.3 L  -1.2) LCB -280.00c P  0.08% WF   1.4 PSV       0 N       1  --  S16
Q3  : T -33.29c W -31.06c S  -2.23c ( -2.4 L  -1.4) LCB -280.00c P  0.03% WF   0.6 PSV       0 N       1  --  Q3
P16 : T -34.46c W -32.21c S  -2.25c ( -2.5 L  -1.4) LCB -280.00c P  0.02% WF   0.6 PSV       0 N       1  --  P16
R3  : T -42.72c W -39.92c S  -2.80c ( -3.0 L  -1.8) LCB -280.00c P  0.02% WF   0.4 PSV       0 N       1  --  R3
J4  : T -50.93c W -47.56c S  -3.37c ( -3.6 L  -2.5) LCB -280.00c P  0.01% WF   0.3 PSV       0 N       1  --  J4
S15 : T -64.55c W -59.68c S  -4.87c ( -5.2 L  -3.7) LCB -280.00c P  0.01% WF   0.3 PSV       0 N       1  --  S15
Q5  : T -53.99c W -50.07c S  -3.92c ( -4.2 L  -2.6) LCB -280.00c P  0.01% WF   0.2 PSV       0 N       1  --  Q5
R4  : T -46.14c W -43.14c S  -3.01c ( -3.2 L  -2.0) LCB -280.00c P  0.01% WF   0.3 PSV       0 N       1  --  R4
J5  : T -59.90c W -55.40c S  -4.50c ( -4.8 L  -3.2) LCB -280.00c P  0.01% WF   0.2 PSV       0 N       1  --  J5

2022-07-11 14:34:28+0100: = play P18
2022-07-11 14:34:30+0100: Controller: play B O18
2022-07-11 14:34:30+0100: = 
2022-07-11 14:34:30+0100: Controller: kata-genmove_analyze W 50
2022-07-11 14:34:31+0100: MoveNum: 15 HASH: 48938EF86D278F8F5A5BFD07C4D9D89F
   A B C D E F G H J K L M N O P Q R S T
19 . . . . . . . . . . . . . . . . . . .
18 . . . . . . . . . . . . . X3O2. . . .
17 . . . . . . . . . . . . . @ X1O O . .
16 . . . O . . . . . . . . . . . X X . .
15 . . . . . . . . . . . . . . . . . . .
14 . . . . . . . . . . . . . . . . . . .
13 . . . . . . . . . . . . . . . . . . .
12 . . . . . . . . . . . . . . . . . . .
11 . . . . . . . . . . . . . . . . . . .
10 . . . . . . . . . . . . . . . . . . .
 9 . . . . . . . . . . . . . . . . . . .
 8 . . . . . . . . . . . . . . . . . . .
 7 . . . . . . . . . . . . . . . . . . .
 6 . . . O . . . . . . . . . . . . . . .
 5 . . . . . . . . . . . . . . . . . . .
 4 . . . O . X . . . X . . . . . X . . .
 3 . . . . O X . . . . . . . . . . . . .
 2 . . . . . . . . . . . . . . . . . . .
 1 . . . . . . . . . . . . . . . . . . .

koPOSITIONALscoreAREAtaxNONEsui1komi6.5
Time taken: 1.125
Root visits: 505
New playouts: 268
NN rows: 199
NN batches: 67
NN avg batch size: 2.97015
PV: O17 P16 N18 Q18 O19 R18 R6 O3 F17 C8 O16 B5 C3
Tree:
: T  -4.64c W  -4.71c S   0.06c ( +0.2 L  +0.1) N     505  --  O17 P16 N18 Q18 O19 R18 R6
---White(^)---
O17 : T  -4.62c W  -4.69c S   0.06c ( +0.2 L  +0.1) LCB   -5.54c P 99.63% WF 989.7 PSV     990 N     504  --  O17 P16 N18 Q18 O19 R18 R6 O3

2022-07-11 14:34:31+0100: = play O17
2022-07-11 14:34:35+0100: Controller: play B P16
2022-07-11 14:34:35+0100: = 
2022-07-11 14:34:35+0100: Controller: kata-genmove_analyze W 50
2022-07-11 14:34:35+0100: MoveNum: 17 HASH: 559C0ADCB7C7181FF251EF0579E02E95
   A B C D E F G H J K L M N O P Q R S T
19 . . . . . . . . . . . . . . . . . . .
18 . . . . . . . . . . . . @ X1O . . . .
17 . . . . . . . . . . . . . O2X O O . .
16 . . . O . . . . . . . . . . X3X X . .
15 . . . . . . . . . . . . . . . . . . .
14 . . . . . . . . . . . . . . . . . . .
13 . . . . . . . . . . . . . . . . . . .
12 . . . . . . . . . . . . . . . . . . .
11 . . . . . . . . . . . . . . . . . . .
10 . . . . . . . . . . . . . . . . . . .
 9 . . . . . . . . . . . . . . . . . . .
 8 . . . . . . . . . . . . . . . . . . .
 7 . . . . . . . . . . . . . . . . . . .
 6 . . . O . . . . . . . . . . . . . . .
 5 . . . . . . . . . . . . . . . . . . .
 4 . . . O . X . . . X . . . . . X . . .
 3 . . . . O X . . . . . . . . . . . . .
 2 . . . . . . . . . . . . . . . . . . .
 1 . . . . . . . . . . . . . . . . . . .

koPOSITIONALscoreAREAtaxNONEsui1komi6.5
Time taken: 0
Root visits: 502
New playouts: 0
NN rows: 0
NN batches: 0
NN avg batch size: -nan(ind)
PV: N18 Q18 O19 R18 R6 O3 F17 C8 O16 B5 C3
Tree:
: T  -4.68c W  -4.73c S   0.05c ( +0.2 L  +0.1) N     502  --  N18 Q18 O19 R18 R6 O3 F17
---White(^)---
N18 : T  -4.67c W  -4.72c S   0.05c ( +0.2 L  +0.1) LCB   -5.55c P 99.74% WF 985.2 PSV     985 N     501  --  N18 Q18 O19 R18 R6 O3 F17 C8

2022-07-11 14:34:35+0100: = play N18
2022-07-11 14:34:37+0100: Controller: play B Q18
2022-07-11 14:34:37+0100: = 
2022-07-11 14:34:37+0100: Controller: kata-genmove_analyze W 50
2022-07-11 14:34:37+0100: MoveNum: 19 HASH: 65816B3039EBB8C4E7796A4EA6FFFF7B
   A B C D E F G H J K L M N O P Q R S T
19 . . . . . . . . . . . . . @ . . . . .
18 . . . . . . . . . . . . O2X O X3. . .
17 . . . . . . . . . . . . . O X O O . .
16 . . . O . . . . . . . . . . X1X X . .
15 . . . . . . . . . . . . . . . . . . .
14 . . . . . . . . . . . . . . . . . . .
13 . . . . . . . . . . . . . . . . . . .
12 . . . . . . . . . . . . . . . . . . .
11 . . . . . . . . . . . . . . . . . . .
10 . . . . . . . . . . . . . . . . . . .
 9 . . . . . . . . . . . . . . . . . . .
 8 . . . . . . . . . . . . . . . . . . .
 7 . . . . . . . . . . . . . . . . . . .
 6 . . . O . . . . . . . . . . . . . . .
 5 . . . . . . . . . . . . . . . . . . .
 4 . . . O . X . . . X . . . . . X . . .
 3 . . . . O X . . . . . . . . . . . . .
 2 . . . . . . . . . . . . . . . . . . .
 1 . . . . . . . . . . . . . . . . . . .

koPOSITIONALscoreAREAtaxNONEsui1komi6.5
Time taken: 0.047
Root visits: 505
New playouts: 6
NN rows: 6
NN batches: 3
NN avg batch size: 2
PV: O19 R18 R6 O3 F17 C8 O16 B5 C3
Tree:
: T  -4.68c W  -4.72c S   0.05c ( +0.2 L  +0.1) N     505  --  O19 R18 R6 O3 F17 C8 O16
---White(^)---
O19 : T  -4.67c W  -4.71c S   0.05c ( +0.2 L  +0.1) LCB   -5.49c P 99.72% WF 991.1 PSV     991 N     503  --  O19 R18 R6 O3 F17 C8 O16 B5
Q3  : T -97.52c W -88.00c S  -9.51c ( -9.5 L  -8.0) LCB -280.00c P  0.01% WF   0.1 PSV       0 N       1  --  Q3

2022-07-11 14:34:37+0100: = play O19
2022-07-11 14:34:38+0100: Controller: play B R18
2022-07-11 14:34:38+0100: = 
2022-07-11 14:34:38+0100: Controller: kata-genmove_analyze W 50
2022-07-11 14:34:38+0100: MoveNum: 21 HASH: 6A032A157D4FE19259D3F88D1E3ECA21
   A B C D E F G H J K L M N O P Q R S T
19 . . . . . . . . . . . . . O2. . . . .
18 . . . . . . . . . . . . O . O X1X3. .
17 . . . . . . . . . . . . . O X O O . .
16 . . . O . . . . . . . . . . X X X . .
15 . . . . . . . . . . . . . . . . . . .
14 . . . . . . . . . . . . . . . . . . .
13 . . . . . . . . . . . . . . . . . . .
12 . . . . . . . . . . . . . . . . . . .
11 . . . . . . . . . . . . . . . . . . .
10 . . . . . . . . . . . . . . . . . . .
 9 . . . . . . . . . . . . . . . . . . .
 8 . . . . . . . . . . . . . . . . . . .
 7 . . . . . . . . . . . . . . . . . . .
 6 . . . O . . . . . . . . . . . . @ . .
 5 . . . . . . . . . . . . . . . . . . .
 4 . . . O . X . . . X . . . . . X . . .
 3 . . . . O X . . . . . . . . . . . . .
 2 . . . . . . . . . . . . . . . . . . .
 1 . . . . . . . . . . . . . . . . . . .

koPOSITIONALscoreAREAtaxNONEsui1komi6.5
Time taken: 0
Root visits: 502
New playouts: 0
NN rows: 0
NN batches: 0
NN avg batch size: -nan(ind)
PV: R6 O3 F17 C8 O16 B5 C3
Tree:
: T  -4.70c W  -4.72c S   0.05c ( +0.2 L  +0.1) N     502  --  R6 O3 F17 C8 O16 B5 C3
---White(^)---
R6  : T  -3.47c W  -3.63c S   0.14c ( +0.3 L  +0.2) LCB   -4.93c P 12.83% WF 317.9 PSV     364 N     161  --  R6 O3 F17 C8 O16 B5 C3
H2  : T  -4.23c W  -4.36c S   0.07c ( +0.2 L  +0.1) LCB   -5.81c P 20.18% WF 277.5 PSV     186 N     144  --  H2 N15 L16 C17 D17 C16 C14 C15
S17 : T  -5.37c W  -5.31c S   0.01c ( +0.1 L  +0.1) LCB   -7.10c P 14.39% WF 187.5 PSV      68 N      93  --  S17 S18 R6 C8 O3 Q6 Q7 P6
F17 : T  -7.75c W  -7.48c S  -0.17c ( -0.1 L  -0.0) LCB  -10.82c P 24.90% WF  85.8 PSV      58 N      43  --  F17 N15 L16 R8 C10 P3
R3  : T  -5.68c W  -5.38c S   0.01c ( +0.1 L  +0.1) LCB   -8.06c P 13.52% WF  97.7 PSV      56 N      50  --  R3 Q3 R4 R6 S17 S18 R5 Q5
O16 : T  -6.19c W  -5.90c S  -0.02c ( +0.1 L  +0.1) LCB  -16.23c P  3.44% WF  20.4 PSV      12 N      10  --  O16 C8 F17 B5 H3

2022-07-11 14:34:38+0100: = play R6
2022-07-11 14:34:41+0100: Controller: play B R5
2022-07-11 14:34:41+0100: = 
2022-07-11 14:34:41+0100: Controller: kata-genmove_analyze W 50
2022-07-11 14:34:43+0100: MoveNum: 23 HASH: 9BDE8CAF37F42EB7C5B8184AE7734606
   A B C D E F G H J K L M N O P Q R S T
19 . . . . . . . . . . . . . O . . . . .
18 . . . . . . . . . . . . O . O X X1. .
17 . . . . . . . . . . . . . O X O O . .
16 . . . O . . . . . . . . . . X X X . .
15 . . . . . . . . . . . . . . . . . . .
14 . . . . . . . . . . . . . . . . . . .
13 . . . . . . . . . . . . . . . . . . .
12 . . . . . . . . . . . . . . . . . . .
11 . . . . . . . . . . . . . . . . . . .
10 . . . . . . . . . . . . . . . . . . .
 9 . . . . . . . . . . . . . . . . . . .
 8 . . . . . . . . . . . . . . . . . . .
 7 . . . . . . . . . . . . . . . . . . .
 6 . . . O . . . . . . . . . . . @ O2. .
 5 . . . . . . . . . . . . . . . . X3. .
 4 . . . O . X . . . X . . . . . X . . .
 3 . . . . O X . . . . . . . . . . . . .
 2 . . . . . . . . . . . . . . . . . . .
 1 . . . . . . . . . . . . . . . . . . .

koPOSITIONALscoreAREAtaxNONEsui1komi6.5
Time taken: 2.265
Root visits: 503
New playouts: 503
NN rows: 405
NN batches: 137
NN avg batch size: 2.9562
PV: Q6 O4 Q10 C17 D17 C16 S17 S18 C14 C15 D15 B14 C18 B18 B15 D18 B17 C19 B16
Tree:
: T  -1.46c W  -1.18c S   0.32c ( +0.4 L  +0.3) N     503  --  Q6 O4 Q10 C17 D17 C16 S17
---White(^)---
Q6  : T  -1.08c W  -0.77c S   0.35c ( +0.4 L  +0.3) LCB   -2.84c P 45.96% WF 483.1 PSV     607 N     258  --  Q6 O4 Q10 C17 D17 C16 S17 S18
S17 : T  -1.41c W  -1.19c S   0.32c ( +0.4 L  +0.3) LCB   -3.28c P 52.61% WF 439.4 PSV     437 N     230  --  S17 S18 Q6 O4 Q10 C17 D17 C16
Q7  : T -12.95c W -12.11c S  -0.50c ( -0.4 L  -0.2) LCB  -36.12c P  0.05% WF   5.9 PSV       0 N       6  --  Q7 N4 F17
Q3  : T -15.29c W -13.46c S  -0.61c ( -0.5 L  -0.3) LCB -165.13c P  0.07% WF   2.8 PSV       0 N       3  --  Q3 Q6 R3
S5  : T -16.92c W -14.82c S  -0.64c ( -0.6 L  -0.3) LCB -203.22c P  0.05% WF   2.7 PSV       0 N       3  --  S5 S4 S7
R3  : T -14.52c W -14.43c S  -0.69c ( -0.6 L  -0.3) LCB -280.00c P  0.23% WF   3.6 PSV       0 N       2  --  R3 Q6

2022-07-11 14:34:43+0100: = play Q6
2022-07-11 14:34:44+0100: Controller: play B O4
2022-07-11 14:34:44+0100: = 
2022-07-11 14:34:44+0100: Controller: kata-genmove_analyze W 50
2022-07-11 14:34:45+0100: MoveNum: 25 HASH: DEFE2F455B31C15E1FE4CA7BE6A3E951
   A B C D E F G H J K L M N O P Q R S T
19 . . . . . . . . . . . . . O . . . . .
18 . . . . . . . . . . . . O . O X X . .
17 . . . . . . . . . . . . . O X O O . .
16 . . . O . . . . . . . . . . X X X . .
15 . . . . . . . . . . . . . . . . . . .
14 . . . . . . . . . . . . . . . . . . .
13 . . . . . . . . . . . . . . . . . . .
12 . . . . . . . . . . . . . . . . . . .
11 . . . . . . . . . . . . . . . . . . .
10 . . . . . . . . . . . . . . . @ . . .
 9 . . . . . . . . . . . . . . . . . . .
 8 . . . . . . . . . . . . . . . . . . .
 7 . . . . . . . . . . . . . . . . . . .
 6 . . . O . . . . . . . . . . . O2O . .
 5 . . . . . . . . . . . . . . . . X1. .
 4 . . . O . X . . . X . . . X3. X . . .
 3 . . . . O X . . . . . . . . . . . . .
 2 . . . . . . . . . . . . . . . . . . .
 1 . . . . . . . . . . . . . . . . . . .

koPOSITIONALscoreAREAtaxNONEsui1komi6.5
Time taken: 0.812
Root visits: 505
New playouts: 325
NN rows: 139
NN batches: 47
NN avg batch size: 2.95745
PV: Q10 C17 D17 C16 C14 C15 D15 B14 C18 B18 S17 S18 B15 D18 B17 C19 B16 C18 B13 D14
Tree:
: T  -2.42c W  -1.65c S   0.09c ( +0.4 L  +0.2) N     505  --  Q10 C17 D17 C16 C14 C15 D15
---White(^)---
Q10 : T  -2.16c W  -1.40c S   0.11c ( +0.4 L  +0.2) LCB   -3.89c P 47.30% WF 504.6 PSV     504 N     274  --  Q10 C17 D17 C16 C14 C15 D15 B14
S17 : T  -2.31c W  -1.64c S   0.09c ( +0.4 L  +0.2) LCB   -4.44c P 27.64% WF 316.1 PSV     261 N     165  --  S17 S18 Q10 C17 D17 C16 C14 C15
M3  : T  -2.67c W  -2.31c S   0.06c ( +0.3 L  +0.2) LCB   -8.00c P  5.62% WF  60.5 PSV      41 N      31  --  M3 M4 Q10 C17 D17 C16 C14
R9  : T  -4.10c W  -1.71c S   0.10c ( +0.4 L  +0.2) LCB  -12.84c P  5.42% WF  33.5 PSV      21 N      17  --  R9 C17 S17 S18 D17 C16 C14 C15
R10 : T  -3.90c W  -2.85c S  -0.05c ( +0.2 L  +0.2) LCB  -20.14c P  3.22% WF  24.1 PSV      13 N      12  --  R10 C17 D17 C16
Q9  : T  -9.01c W  -7.69c S  -0.35c ( -0.1 L  -0.0) LCB  -41.38c P  6.29% WF  10.3 PSV       9 N       5  --  Q9 C17 D17

2022-07-11 14:34:45+0100: = play Q10
2022-07-11 14:34:48+0100: Controller: play B Q12
2022-07-11 14:34:48+0100: = 
2022-07-11 14:34:48+0100: Controller: kata-genmove_analyze W 50
2022-07-11 14:34:50+0100: MoveNum: 27 HASH: C6300158915AA5FC5BB0FFA7F502B03A
   A B C D E F G H J K L M N O P Q R S T
19 . . . . . . . . . . . . . O . . . . .
18 . . . . . . . . . . . . O . O X X . .
17 . . . . . . . . . . . . . O X O O @ .
16 . . . O . . . . . . . . . . X X X . .
15 . . . . . . . . . . . . . . . . . . .
14 . . . . . . . . . . . . . . . . . . .
13 . . . . . . . . . . . . . . . . . . .
12 . . . . . . . . . . . . . . . X3. . .
11 . . . . . . . . . . . . . . . . . . .
10 . . . . . . . . . . . . . . . O2. . .
 9 . . . . . . . . . . . . . . . . . . .
 8 . . . . . . . . . . . . . . . . . . .
 7 . . . . . . . . . . . . . . . . . . .
 6 . . . O . . . . . . . . . . . O O . .
 5 . . . . . . . . . . . . . . . . X . .
 4 . . . O . X . . . X . . . X1. X . . .
 3 . . . . O X . . . . . . . . . . . . .
 2 . . . . . . . . . . . . . . . . . . .
 1 . . . . . . . . . . . . . . . . . . .

koPOSITIONALscoreAREAtaxNONEsui1komi6.5
Time taken: 2.329
Root visits: 505
New playouts: 505
NN rows: 418
NN batches: 141
NN avg batch size: 2.96454
PV: S17 S18 F17 S8 R8 R9 Q8 C8 C11 E8 C7
Tree:
: T  15.88c W  16.07c S   0.55c ( +1.7 L  +1.1) N     505  --  S17 S18 F17 S8 R8 R9 Q8
---White(^)---
S17 : T  16.96c W  17.02c S   0.63c ( +1.8 L  +1.2) LCB   13.81c P 20.91% WF 289.5 PSV     560 N     173  --  S17 S18 F17 S8 R8 R9 Q8 C8
M3  : T  15.38c W  15.70c S   0.54c ( +1.7 L  +1.1) LCB   12.14c P 25.90% WF 294.7 PSV     297 N     185  --  M3 M4 S17 S18 L3 L4 J3 J4
F17 : T  16.10c W  15.96c S   0.51c ( +1.7 L  +1.1) LCB   12.01c P 33.93% WF 188.2 PSV     189 N     113  --  F17 S8 S17 S18 R8 R9 Q8 C8
H2  : T  13.35c W  13.88c S   0.37c ( +1.6 L  +1.0) LCB    3.50c P  7.40% WF  30.2 PSV      31 N      18  --  H2 C17 D17 C16 C14 C15
C14 : T  12.50c W  14.05c S   0.39c ( +1.6 L  +1.0) LCB  -58.68c P  1.14% WF  10.3 PSV       3 N       6  --  C14 S8 R8 R9 R3
P2  : T   6.04c W  10.27c S   0.02c ( +1.2 L  +0.9) LCB -582.22c P  2.09% WF   5.2 PSV       2 N       3  --  P2 N3 N2
C13 : T  11.02c W  12.85c S   0.25c ( +1.4 L  +1.0) LCB -289.45c P  0.88% WF   5.4 PSV       2 N       3  --  C13 S8 R8
F16 : T  11.46c W  13.94c S   0.29c ( +1.5 L  +1.0) LCB -240.25c P  0.86% WF   5.5 PSV       2 N       3  --  F16 S8 R8

2022-07-11 14:34:50+0100: = play S17
2022-07-11 14:34:52+0100: Controller: play B S18
2022-07-11 14:34:52+0100: = 
2022-07-11 14:34:52+0100: Controller: kata-genmove_analyze W 50
2022-07-11 14:34:53+0100: MoveNum: 29 HASH: 16B043F446ADEA9AE09818E89E9A2E70
   A B C D E F G H J K L M N O P Q R S T
19 . . . . . . . . . . . . . O . . . . .
18 . . . . . . . . . . . . O . O X X X3.
17 . . . . . . . . . . . . . O X O O O2.
16 . . . O . . . . . . . . . . X X X . .
15 . . . . . . . . . . . . . . . . . . .
14 . . . . . . . . . . . . . . . . . . .
13 . . . . . . . . . . . . . . . . . . .
12 . . . . . . . . . . . . . . . X1. . .
11 . . . . . . . . . . . . . . . . . . .
10 . . . . . . . . . . . . . . . O . . .
 9 . . . . . . . . . . . . . . . . . . .
 8 . . . . . . . . . . . . . . . . . . .
 7 . . . . . . . . . . . . . . . . . . .
 6 . . . O . . . . . . . . . . . O O . .
 5 . . . . . . . . . . . . . . . . X . .
 4 . . . O . X . . . X . . . X . X . . .
 3 . . . . O X . . . . . @ . . . . . . .
 2 . . . . . . . . . . . . . . . . . . .
 1 . . . . . . . . . . . . . . . . . . .

koPOSITIONALscoreAREAtaxNONEsui1komi6.5
Time taken: 1.797
Root visits: 505
New playouts: 333
NN rows: 320
NN batches: 108
NN avg batch size: 2.96296
PV: M3 M4 R3 S6 S7 S4 L3 L4 P3 P4 O2 R8 T6 S5
Tree:
: T  17.06c W  17.03c S   0.57c ( +1.8 L  +1.2) N     505  --  M3 M4 R3 S6 S7 S4 L3
---White(^)---
M3  : T  18.51c W  18.44c S   0.69c ( +1.9 L  +1.3) LCB   14.95c P 28.74% WF 382.3 PSV     378 N     248  --  M3 M4 R3 S6 S7 S4 L3 L4
F17 : T  16.35c W  16.30c S   0.51c ( +1.7 L  +1.2) LCB   13.10c P 38.65% WF 335.9 PSV     173 N     210  --  F17 S8 R8 R9 Q8 C8 C10 E8
H2  : T  13.32c W  13.17c S   0.26c ( +1.5 L  +1.0) LCB    4.72c P 13.50% WF  46.2 PSV      31 N      28  --  H2 S8 R8 R9 Q8 S6 S7 T7
C14 : T  12.23c W  13.28c S   0.21c ( +1.4 L  +1.0) LCB  -39.01c P  2.84% WF   9.3 PSV       5 N       5  --  C14 S8 R8
P2  : T  11.68c W  13.35c S   0.26c ( +1.5 L  +1.0) LCB -176.86c P  2.03% WF   6.8 PSV       3 N       4  --  P2 N3 R3
C13 : T  12.20c W  14.46c S   0.28c ( +1.5 L  +1.0) LCB -200.66c P  1.87% WF   5.5 PSV       3 N       3  --  C13 S8 R8
D9  : T  13.44c W  13.41c S   0.20c ( +1.4 L  +1.0) LCB -298.37c P  1.01% WF   5.7 PSV       2 N       3  --  D9 C17
F16 : T  13.32c W  13.96c S   0.27c ( +1.5 L  +1.1) LCB -280.00c P  0.98% WF   3.9 PSV       2 N       2  --  F16 S8
C9  : T   7.87c W   8.16c S  -0.29c ( +0.9 L  +0.8) LCB -280.00c P  0.92% WF   2.0 PSV       1 N       1  --  C9

2022-07-11 14:34:53+0100: = play M3
2022-07-11 14:34:56+0100: Controller: play B M4
2022-07-11 14:34:56+0100: = 
2022-07-11 14:34:56+0100: Controller: kata-genmove_analyze W 50
2022-07-11 14:34:58+0100: MoveNum: 31 HASH: 9B3861B05E63890B4ECDF73825A61BFD
   A B C D E F G H J K L M N O P Q R S T
19 . . . . . . . . . . . . . O . . . . .
18 . . . . . . . . . . . . O . O X X X1.
17 . . . . . . . . . . . . . O X O O O .
16 . . . O . . . . . . . . . . X X X . .
15 . . . . . . . . . . . . . . . . . . .
14 . . . . . . . . . . . . . . . . . . .
13 . . . . . . . . . . . . . . . . . . .
12 . . . . . . . . . . . . . . . X . . .
11 . . . . . . . . . . . . . . . . . . .
10 . . . . . . . . . . . . . . . O . . .
 9 . . . . . . . . . . . . . . . . . . .
 8 . . . . . . . . . . . . . . . . . . .
 7 . . . . . . . . . . . . . . . . . . .
 6 . . . O . . . . . . . . . . . O O . .
 5 . . . . . . . . . . . . . . . . X . .
 4 . . . O . X . . . X . X3. X . X . . .
 3 . . . . O X . . . . . O2. . . . @ . .
 2 . . . . . . . . . . . . . . . . . . .
 1 . . . . . . . . . . . . . . . . . . .

koPOSITIONALscoreAREAtaxNONEsui1komi6.5
Time taken: 1.579
Root visits: 505
New playouts: 304
NN rows: 282
NN batches: 94
NN avg batch size: 3
PV: R3 S6 L3 L4 P3 P4 O2 R8 Q8 R9 Q9 S4
Tree:
: T  20.27c W  19.48c S   0.75c ( +2.0 L  +1.4) N     505  --  R3 S6 L3 L4 P3 P4 O2
---White(^)---
R3  : T  23.27c W  21.81c S   0.92c ( +2.2 L  +1.5) LCB   19.64c P  7.05% WF 521.1 PSV     509 N     361  --  R3 S6 L3 L4 P3 P4 O2 R8
L3  : T  13.43c W  13.96c S   0.33c ( +1.6 L  +1.0) LCB    6.81c P 28.82% WF  75.6 PSV      47 N      55  --  L3 K3 P2 P3 O2 Q2 R2 R3
F17 : T  13.63c W  14.62c S   0.37c ( +1.6 L  +1.1) LCB    6.21c P 27.17% WF  72.4 PSV      45 N      46  --  F17 S8 R3 S6 R8 R7 Q7 S7
N3  : T   3.53c W   8.30c S  -0.03c ( +1.2 L  +0.8) LCB  -40.26c P 12.96% WF  13.0 PSV      10 N       9  --  N3 O3 K3 L4
H2  : T   3.43c W   5.63c S  -0.33c ( +0.9 L  +0.7) LCB -215.34c P  6.15% WF   5.1 PSV       5 N       3  --  H2 L3 F2
L4  : T  16.31c W  15.64c S   0.48c ( +1.7 L  +1.1) LCB   -3.41c P  1.81% WF  17.3 PSV       4 N      12  --  L4 L3 L5 N3 K3 M2
J3  : T  16.00c W  16.02c S   0.48c ( +1.7 L  +1.2) LCB  -10.87c P  2.21% WF  18.4 PSV       4 N      11  --  J3 K3 H2 K2
N4  : T   7.78c W   8.66c S  -0.03c ( +1.2 L  +0.8) LCB -148.77c P  3.12% WF   4.4 PSV       3 N       3  --  N4 N5 N3
C14 : T   8.83c W   8.96c S  -0.14c ( +1.1 L  +0.9) LCB -280.00c P  2.05% WF   1.9 PSV       2 N       1  --  C14
C13 : T  14.81c W  14.95c S   0.30c ( +1.6 L  +1.1) LCB -280.00c P  0.78% WF   3.7 PSV       1 N       2  --  C13 S8

2022-07-11 14:34:58+0100: = play R3
2022-07-11 14:35:00+0100: Controller: play B Q3
2022-07-11 14:35:00+0100: = 
2022-07-11 14:35:00+0100: Controller: kata-genmove_analyze W 50
2022-07-11 14:35:02+0100: MoveNum: 33 HASH: 09047AA90C953ADFA51E79C6486BAC3F
   A B C D E F G H J K L M N O P Q R S T
19 . . . . . . . . . . . . . O . . . . .
18 . . . . . . . . . . . . O . O X X X .
17 . . . . . . . . . . . . . O X O O O .
16 . . . O . . . . . . . . . . X X X . .
15 . . . . . . . . . . . . . . . . . . .
14 . . . . . . . . . . . . . . . . . . .
13 . . . . . . . . . . . . . . . . . . .
12 . . . . . . . . . . . . . . . X . . .
11 . . . . . . . . . . . . . . . . . . .
10 . . . . . . . . . . . . . . . O . . .
 9 . . . . . . . . . . . . . . . . . . .
 8 . . . . . . . . . . . . . . . . . . .
 7 . . . . . . . . . . . . . . . . . . .
 6 . . . O . . . . . . . . . . . O O . .
 5 . . . . . . . . . . . . . . . . X @ .
 4 . . . O . X . . . X . X1. X . X . . .
 3 . . . . O X . . . . . O . . . X3O2. .
 2 . . . . . . . . . . . . . . . . . . .
 1 . . . . . . . . . . . . . . . . . . .

koPOSITIONALscoreAREAtaxNONEsui1komi6.5
Time taken: 2.719
Root visits: 505
New playouts: 500
NN rows: 492
NN batches: 164
NN avg batch size: 3
PV: S5 C17 D17 C16 C14 C15 D15 B14 J3 L3 J4 E7 D7 E6
Tree:
: T  29.10c W  28.76c S   0.53c ( +2.6 L  +1.8) N     505  --  S5 C17 D17 C16 C14 C15 D15
---White(^)---
S5  : T  29.67c W  29.30c S   0.57c ( +2.7 L  +1.8) LCB   27.41c P 94.47% WF 743.2 PSV     742 N     491  --  S5 C17 D17 C16 C14 C15 D15 B14
J3  : T   2.04c W   3.19c S  -1.15c ( +0.9 L  +0.6) LCB -280.00c P  2.01% WF   1.6 PSV       1 N       1  --  J3
L4  : T   5.12c W   6.13c S  -1.01c ( +1.1 L  +0.6) LCB -280.00c P  1.32% WF   1.4 PSV       0 N       1  --  L4
S14 : T   8.13c W   9.00c S  -0.87c ( +1.2 L  +0.7) LCB -280.00c P  0.33% WF   1.6 PSV       0 N       1  --  S14
L3  : T  12.20c W  12.71c S  -0.51c ( +1.6 L  +0.9) LCB -280.00c P  0.28% WF   1.5 PSV       0 N       1  --  L3
Q2  : T   6.70c W   7.78c S  -1.08c ( +1.0 L  +0.7) LCB -280.00c P  0.27% WF   1.5 PSV       0 N       1  --  Q2
N4  : T -17.26c W -15.23c S  -2.03c ( +0.1 L  -0.6) LCB -280.00c P  0.13% WF   1.1 PSV       0 N       1  --  N4
O3  : T  -9.16c W  -7.18c S  -1.99c ( +0.1 L  -0.0) LCB -280.00c P  0.10% WF   1.4 PSV       0 N       1  --  O3
M5  : T  -1.46c W  -0.01c S  -1.44c ( +0.7 L  +0.3) LCB -280.00c P  0.08% WF   1.2 PSV       0 N       1  --  M5
K3  : T   4.22c W   5.32c S  -1.11c ( +1.0 L  +0.5) LCB -280.00c P  0.07% WF   1.1 PSV       0 N       1  --  K3

2022-07-11 14:35:02+0100: = play S5
2022-07-11 14:35:07+0100: Controller: play B S4
2022-07-11 14:35:07+0100: = 
2022-07-11 14:35:07+0100: Controller: kata-genmove_analyze W 50
2022-07-11 14:35:09+0100: MoveNum: 35 HASH: E3BC440BC160FCE60D20379E6220D370
   A B C D E F G H J K L M N O P Q R S T
19 . . . . . . . . . . . . . O . . . . .
18 . . . . . . . . . . . . O . O X X X .
17 . . . . . . . . . . . . . O X O O O .
16 . . . O . . . . . . . . . . X X X . .
15 . . . . . . . . . . . . . . . . . . .
14 . . . . . . . . . . . . . . . . . . .
13 . . . . . . . . . . . . . . . . . . .
12 . . . . . . . . . . . . . . . X . . .
11 . . . . . . . . . . . . . . . . . . .
10 . . . . . . . . . . . . . . . O . . .
 9 . . . . . . . . . . . . . . . . . . .
 8 . . . . . . . . . . . . . . . . . . .
 7 . . . . . . . . . . . . . . . . . . .
 6 . . . O . . . . . . . . . . . O O . .
 5 . . . . . . . . . . . . . . . . X O2.
 4 . . . O . X . . . X . X . X . X @ X3.
 3 . . . . O X . . . . . O . . . X1O . .
 2 . . . . . . . . . . . . . . . . . . .
 1 . . . . . . . . . . . . . . . . . . .

koPOSITIONALscoreAREAtaxNONEsui1komi6.5
Time taken: 2.468
Root visits: 505
New playouts: 497
NN rows: 445
NN batches: 148
NN avg batch size: 3.00676
PV: R4 S3 Q5 R2 R11 C17 C16 D17 S14 S15 E17 E18 F18 F17 E16 G18 D18 F19 C18 C8 B7
Tree:
: T  47.73c W  48.37c S   1.66c ( +4.3 L  +2.9) N     505  --  R4 S3 Q5 R2 R11 C17 C16
---White(^)---
R4  : T  48.51c W  49.13c S   1.71c ( +4.4 L  +3.0) LCB   45.69c P 90.64% WF 723.0 PSV     721 N     495  --  R4 S3 Q5 R2 R11 C17 C16 D17
L4  : T  -3.78c W  -1.58c S  -2.19c ( +0.5 L  +0.2) LCB -280.00c P  2.45% WF   1.2 PSV       0 N       1  --  L4
J3  : T  -8.86c W  -6.30c S  -2.56c ( +0.1 L  -0.1) LCB -280.00c P  2.13% WF   1.3 PSV       0 N       1  --  J3
S14 : T  21.20c W  21.73c S  -0.53c ( +2.1 L  +1.3) LCB -280.00c P  1.51% WF   1.3 PSV       0 N       1  --  S14
N4  : T  -6.96c W  -4.64c S  -2.33c ( +0.3 L  -0.3) LCB -280.00c P  0.86% WF   1.1 PSV       0 N       1  --  N4
M5  : T  -4.54c W  -2.29c S  -2.25c ( +0.4 L  +0.1) LCB -280.00c P  0.84% WF   1.2 PSV       0 N       1  --  M5
L3  : T   2.16c W   3.91c S  -1.76c ( +0.9 L  +0.6) LCB -280.00c P  0.41% WF   1.2 PSV       0 N       1  --  L3
K3  : T  -3.84c W  -1.53c S  -2.31c ( +0.4 L  +0.2) LCB -280.00c P  0.20% WF   1.3 PSV       0 N       1  --  K3
S16 : T   2.33c W   4.03c S  -1.71c ( +1.0 L  +0.3) LCB -280.00c P  0.12% WF   1.2 PSV       0 N       1  --  S16
O3  : T -27.40c W -24.13c S  -3.27c ( -0.6 L  -0.9) LCB -280.00c P  0.11% WF   1.0 PSV       0 N       1  --  O3

2022-07-11 14:35:09+0100: = play R4
2022-07-11 14:35:13+0100: Controller: play B Q5
2022-07-11 14:35:13+0100: = 
2022-07-11 14:35:13+0100: Controller: kata-genmove_analyze W 50
2022-07-11 14:35:14+0100: MoveNum: 37 HASH: E97BE7F7E27EDD3F854FC5FBFAD78746
   A B C D E F G H J K L M N O P Q R S T
19 . . . . . . . . . . . . . O . . . . .
18 . . . . . . . . . . . . O . O X X X .
17 . . . . . . . . . . . . . O X O O O .
16 . . . O . . . . . . . . . . X X X . .
15 . . . . . . . . . . . . . . . . . . .
14 . . . . . . . . . . . . . . . . . . .
13 . . . . . . . . . . . . . . . . . . .
12 . . . . . . . . . . . . . . . X . . .
11 . . . . . . . . . . . . . . . . . . .
10 . . . . . . . . . . . . . . . O . . .
 9 . . . . . . . . . . . . . . . . . . .
 8 . . . . . . . . . . . . . . . . . . .
 7 . . . . . . . . . . . . . . . . . . .
 6 . . . O . . . . . . . . . . . O O . .
 5 . . . . . . . . . . . . . . . X3X O .
 4 . . . O . X . . . X . X . X . X O2X1.
 3 . . . . O X . . . . . O . . . X O @ .
 2 . . . . . . . . . . . . . . . . . . .
 1 . . . . . . . . . . . . . . . . . . .

koPOSITIONALscoreAREAtaxNONEsui1komi6.5
Time taken: 1.172
Root visits: 505
New playouts: 388
NN rows: 205
NN batches: 69
NN avg batch size: 2.97101
PV: S3 C17 D17 C16 C15 B15 B14 C14 D15 B13 B16 A14 B17 C8 P6 C3 D3 B4 C4
Tree:
: T  57.29c W  55.40c S   1.53c ( +4.9 L  +3.4) N     505  --  S3 C17 D17 C16 C15 B15 B14
---White(^)---
S3  : T  57.36c W  55.46c S   1.54c ( +4.9 L  +3.4) LCB   55.44c P 98.71% WF 781.3 PSV     781 N     503  --  S3 C17 D17 C16 C15 B15 B14 C14
S14 : T  30.89c W  30.83c S   0.07c ( +3.4 L  +1.6) LCB -280.00c P  0.64% WF   1.2 PSV       0 N       1  --  S14

2022-07-11 14:35:14+0100: = play S3
